M2B.C
M2C.C
M2CX.C
M2G.C
M2GX.C
M2L.C
M2LX.C
M2N.C
M2NX.C
M2R.C
M2RX.C
M2S.C
M2SX.C
M2X.C
T2B.C
T2B1.C
T2B2.C
T2B3.C
T2B4.C
T2B5.C
Generating Code...
T2B5.C(138) : warning C4761: integral size mismatch in argument; conversion supplied
T2B5.C(187) : warning C4761: integral size mismatch in argument; conversion supplied
M2SX.C(113) : warning C4761: integral size mismatch in argument; conversion supplied
M2RX.C(80) : warning C4761: integral size mismatch in argument; conversion supplied
M2RX.C(103) : warning C4761: integral size mismatch in argument; conversion supplied
M2C.C(981) : warning C4715: 'm2c_along' : not all control paths return a value
Compiling...
T2B52.C
T2B6.C
T2B7.C
T2BB.C
T2BD.C
T2BD2.C
T2BD3.C
T2BF.C
T2BL.C
T2BO.C
T2BP.C
T2BR.C
T2BS.C
T2C.C
T2C1.C
T2C2.C
T2C3.C
T2C4.C
T2C5.C
T2CP.C
Generating Code...
T2BR.C(80) : warning C4715: 't2b_recut_region' : not all control paths return a value
T2B6.C(196) : warning C4715: 't2b_pt_pos_loop' : not all control paths return a value
Compiling...
T2CT.C
T2CW.C
T2D.C
T2D1.C
T2D2.C
T2D3.C
T2D4.C
T2D5.C
T2DL.C
T2DP.C
T2DT.C
T2E.C
T2I.C
T2I1.C
T2P.C
T2PR.C
T2PS.C
T2PS1.C
T2PS2.C
T2PU.C
Generating Code...
T2PS1.C(865) : warning C4715: 't2p_loop_rearrange2' : not all control paths return a value
T2PS.C(474) : warning C4761: integral size mismatch in argument; conversion supplied
T2PR.C(396) : warning C4715: 't2p_rough_check_intloop' : not all control paths return a value
T2I1.C(385) : warning C4715: 't2i_closest_valid' : not all control paths return a value
T2DP.C(82) : warning C4761: integral size mismatch in argument; conversion supplied
T2DP.C(83) : warning C4761: integral size mismatch in argument; conversion supplied
T2D1.C(293) : warning C4761: integral size mismatch in argument; conversion supplied
Compiling...
T2PX.C
T2PX1.C
T2PX2.C
T2X.C
Generating Code...
T2PX2.C(533) : warning C4761: integral size mismatch in argument; conversion supplied
T2PX1.C(316) : warning C4761: integral size mismatch in argument; conversion supplied
